INFO  2019-06-27 21:55:52,769 minium.py  launch_dev_tool 78  Starting dev tool ...
INFO  2019-06-27 21:55:52,770 minium_object.py _do_shell       57  de shell: /Applications/wechatwebdevtools.app/Contents/MacOS/cli --auto /Users/sherlock/svn/demo --auto-port 9420
INFO  2019-06-27 21:56:01,679 connection.py _connect        80  connect to WebChatTools successfully
INFO  2019-06-27 21:56:03,946 webDriverTool.py listen_port     270 start listen: iproxy 50015 8100 aee531018e668ff1aadee0889f5ebe21a22924e8 1>/usr/local/lib/python3.7/site-packages/minium/native/lib/wx_wda/../log/iproxy_aee531018e668ff1aadee0889f5ebe21a22924e8.log 2>&1 &
INFO  2019-06-27 21:56:12,244 webDriverTool.py find_app        218 检测到已安装 7.0.4.40 版本的微信
INFO  2019-06-27 21:56:12,245 iosnative.py start_wechat    28  第 1 次启动微信, 共3次机会
INFO  2019-06-27 21:56:12,245 wdaUI.py   __init__        83  启动 com.tencent.xin
INFO  2019-06-27 21:56:12,258 wdaUI.py   __init__        85  {'state': 'success', 'os': {'name': 'iOS', 'version': '12.3.1', 'sdkVersion': '12.2'}, 'ios': {'simulatorVersion': '12.3.1', 'ip': '10.9.180.102'}, 'build': {'time': 'Jun 27 2019 20:35:37', 'productBundleIdentifier': 'com.facebook.WebDriverAgentRunner'}, 'sessionId': 'B613592A-D197-4003-AC8D-1EA9B853D930'}
INFO  2019-06-27 21:56:19,527 iosnative.py start_wechat    34  微信启动成功
INFO  2019-06-27 21:57:10,915 app.py     relaunch        123 ReLaunch: /page/component/index
INFO  2019-06-27 21:57:12,515 app.py     navigate_to     97  NavigateTo: /page/API/pages/get-location/get-location
INFO  2019-06-27 21:57:13,036 page.py    get_elements    160 try to find elements: button
INFO  2019-06-27 21:57:13,518 page.py    get_elements    162 find elements success: [<minium.core.element.BaseElement object at 0x110e18320>, <minium.core.element.BaseElement object at 0x110e18c18>]
INFO  2019-06-27 21:57:15,202 page.py    get_elements    160 try to find elements: .page-body-text-location
INFO  2019-06-27 21:57:15,357 page.py    get_elements    162 find elements success: [<minium.core.element.BaseElement object at 0x110eb1080>]
INFO  2019-06-27 21:57:15,357 element.py get_elements    157 try to find elements: text
INFO  2019-06-27 21:57:15,544 element.py get_elements    159 find elements success: [<minium.core.element.BaseElement object at 0x110eb1358>, <minium.core.element.BaseElement object at 0x110eb12b0>]
INFO  2019-06-27 21:57:18,408 page.py    get_elements    160 try to find elements: button
INFO  2019-06-27 21:57:18,661 page.py    get_elements    162 find elements success: [<minium.core.element.BaseElement object at 0x110eb1da0>, <minium.core.element.BaseElement object at 0x110eb1eb8>]
INFO  2019-06-27 21:57:20,277 page.py    get_elements    160 try to find elements: .page-body-text-location
INFO  2019-06-27 21:57:20,445 page.py    get_elements    162 find elements success: [<minium.core.element.BaseElement object at 0x110ebdb38>]
INFO  2019-06-27 21:57:20,445 element.py get_elements    157 try to find elements: text
INFO  2019-06-27 21:57:20,614 element.py get_elements    159 find elements success: [<minium.core.element.BaseElement object at 0x110ebd8d0>, <minium.core.element.BaseElement object at 0x110ebdbe0>]
INFO  2019-06-27 21:57:24,643 app.py     relaunch        123 ReLaunch: /page/component/index
INFO  2019-06-27 21:57:28,884 app.py     relaunch        123 ReLaunch: /page/component/index
INFO  2019-06-27 21:57:30,533 app.py     navigate_to     97  NavigateTo: pages/input/input
WARNI 2019-06-27 21:57:30,923 app.py     navigate_to     100 NavigateTo(pages/input/input) fail ! Current page has not change
INFO  2019-06-27 21:57:30,925 page.py    get_elements    160 try to find elements: .weui-input
INFO  2019-06-27 21:57:31,497 page.py    get_elements    162 find elements success: [<minium.core.element.BaseElement object at 0x110ea5cf8>, <minium.core.element.BaseElement object at 0x110ea5860>, <minium.core.element.BaseElement object at 0x110ea57b8>, <minium.core.element.BaseElement object at 0x110ea5278>, <minium.core.element.BaseElement object at 0x110ea5da0>, <minium.core.element.BaseElement object at 0x110ea5080>, <minium.core.element.BaseElement object at 0x110ea5358>, <minium.core.element.BaseElement object at 0x110e00978>, <minium.core.element.BaseElement object at 0x110e00be0>, <minium.core.element.BaseElement object at 0x110e00ac8>]
INFO  2019-06-27 21:57:34,698 app.py     relaunch        123 ReLaunch: /page/component/index
INFO  2019-06-27 21:57:36,265 app.py     navigate_to     97  NavigateTo: /page/component/pages/text/text
INFO  2019-06-27 21:57:43,145 app.py     relaunch        123 ReLaunch: /page/component/index
INFO  2019-06-27 21:57:44,733 app.py     navigate_to     97  NavigateTo: pages/slider/slider
WARNI 2019-06-27 21:57:45,289 app.py     navigate_to     100 NavigateTo(pages/slider/slider) fail ! Current page has not change
INFO  2019-06-27 21:57:45,291 page.py    get_elements    160 try to find elements: slider
INFO  2019-06-27 21:57:45,663 page.py    get_elements    162 find elements success: [<minium.core.element.BaseElement object at 0x110ea5668>, <minium.core.element.BaseElement object at 0x110ea5c88>, <minium.core.element.BaseElement object at 0x110ea5390>]
INFO  2019-06-27 21:57:47,711 app.py     relaunch        123 ReLaunch: /page/component/index
INFO  2019-06-27 21:57:49,314 page.py    get_elements    160 try to find elements: view
INFO  2019-06-27 21:57:49,482 page.py    get_elements    162 find elements success: [<minium.core.element.BaseElement object at 0x110ebd668>, <minium.core.element.BaseElement object at 0x110ebdac8>, <minium.core.element.BaseElement object at 0x110ebd160>, <minium.core.element.BaseElement object at 0x110ebd978>, <minium.core.element.BaseElement object at 0x110ebd5f8>, <minium.core.element.BaseElement object at 0x110ebd7b8>, <minium.core.element.BaseElement object at 0x110ebd358>, <minium.core.element.BaseElement object at 0x110ebd080>, <minium.core.element.BaseElement object at 0x110ebd400>, <minium.core.element.BaseElement object at 0x110ebd9e8>, <minium.core.element.BaseElement object at 0x110ebd320>, <minium.core.element.BaseElement object at 0x110ebdb00>, <minium.core.element.BaseElement object at 0x110ebd7f0>, <minium.core.element.BaseElement object at 0x110ebd940>, <minium.core.element.BaseElement object at 0x110ebd860>, <minium.core.element.BaseElement object at 0x110ebd470>, <minium.core.element.BaseElement object at 0x110ebdc50>, <minium.core.element.BaseElement object at 0x110ebd4e0>, <minium.core.element.BaseElement object at 0x110ebd438>, <minium.core.element.BaseElement object at 0x110ebdfd0>, <minium.core.element.BaseElement object at 0x110ebd588>, <minium.core.element.BaseElement object at 0x110ebd748>, <minium.core.element.BaseElement object at 0x110ebdcc0>, <minium.core.element.BaseElement object at 0x110ebdc88>, <minium.core.element.BaseElement object at 0x110ebd0f0>, <minium.core.element.BaseElement object at 0x110ebd198>, <minium.core.element.BaseElement object at 0x110ebda90>, <minium.core.element.BaseElement object at 0x110ebd0b8>, <minium.core.element.BaseElement object at 0x110ebd208>, <minium.core.element.BaseElement object at 0x110ebd518>, <minium.core.element.BaseElement object at 0x110ebda20>, <minium.core.element.BaseElement object at 0x110ebdba8>, <minium.core.element.BaseElement object at 0x10f9d8208>, <minium.core.element.BaseElement object at 0x110e009b0>, <minium.core.element.BaseElement object at 0x110e00ef0>, <minium.core.element.BaseElement object at 0x110e00978>, <minium.core.element.BaseElement object at 0x110e00940>, <minium.core.element.BaseElement object at 0x110e00d30>, <minium.core.element.BaseElement object at 0x110e00ac8>, <minium.core.element.BaseElement object at 0x110e00e48>, <minium.core.element.BaseElement object at 0x110e00f98>, <minium.core.element.BaseElement object at 0x110e00a20>, <minium.core.element.BaseElement object at 0x110e00cc0>, <minium.core.element.BaseElement object at 0x110e00f28>, <minium.core.element.BaseElement object at 0x110e00a90>, <minium.core.element.BaseElement object at 0x110e00b38>, <minium.core.element.BaseElement object at 0x110e008d0>, <minium.core.element.BaseElement object at 0x110e00d68>, <minium.core.element.BaseElement object at 0x110e00be0>, <minium.core.element.BaseElement object at 0x110e00dd8>, <minium.core.element.BaseElement object at 0x110eb1c50>, <minium.core.element.BaseElement object at 0x110eb1e10>, <minium.core.element.BaseElement object at 0x110eb1240>, <minium.core.element.BaseElement object at 0x110eb1048>, <minium.core.element.BaseElement object at 0x110eb1ef0>, <minium.core.element.BaseElement object at 0x110eb1358>, <minium.core.element.BaseElement object at 0x110eb1ba8>, <minium.core.element.BaseElement object at 0x110eb1128>, <minium.core.element.BaseElement object at 0x110eb18d0>, <minium.core.element.BaseElement object at 0x110eb1b00>, <minium.core.element.BaseElement object at 0x110eb1978>, <minium.core.element.BaseElement object at 0x110eb1a90>, <minium.core.element.BaseElement object at 0x110eb1e80>, <minium.core.element.BaseElement object at 0x110eb1550>, <minium.core.element.BaseElement object at 0x110eb1470>, <minium.core.element.BaseElement object at 0x110eb14e0>, <minium.core.element.BaseElement object at 0x110eb19b0>, <minium.core.element.BaseElement object at 0x110eb1fd0>, <minium.core.element.BaseElement object at 0x110eb13c8>, <minium.core.element.BaseElement object at 0x110eb1e48>, <minium.core.element.BaseElement object at 0x110eb1d68>, <minium.core.element.BaseElement object at 0x110eb1320>, <minium.core.element.BaseElement object at 0x110eb11d0>, <minium.core.element.BaseElement object at 0x110eb15f8>, <minium.core.element.BaseElement object at 0x110eb10f0>, <minium.core.element.BaseElement object at 0x110eb1eb8>, <minium.core.element.BaseElement object at 0x110eb1780>, <minium.core.element.BaseElement object at 0x110eb1da0>, <minium.core.element.BaseElement object at 0x110eb1908>, <minium.core.element.BaseElement object at 0x110eb1518>, <minium.core.element.BaseElement object at 0x110eb1cf8>, <minium.core.element.BaseElement object at 0x110eb1400>, <minium.core.element.BaseElement object at 0x110eb1160>, <minium.core.element.BaseElement object at 0x110eb1dd8>, <minium.core.element.BaseElement object at 0x110eb19e8>, <minium.core.element.BaseElement object at 0x110eb1cc0>, <minium.core.element.BaseElement object at 0x110eb1be0>, <minium.core.element.BaseElement object at 0x110ea5ac8>, <minium.core.element.BaseElement object at 0x110ea5128>, <minium.core.element.BaseElement object at 0x110ea5c50>, <minium.core.element.BaseElement object at 0x110ea5d68>, <minium.core.element.BaseElement object at 0x110ea5828>, <minium.core.element.BaseElement object at 0x110ea5898>, <minium.core.element.BaseElement object at 0x110ea54e0>, <minium.core.element.BaseElement object at 0x110ea5860>, <minium.core.element.BaseElement object at 0x110ea58d0>, <minium.core.element.BaseElement object at 0x110ea5a90>, <minium.core.element.BaseElement object at 0x110ea5f60>, <minium.core.element.BaseElement object at 0x110ea5400>, <minium.core.element.BaseElement object at 0x110ea51d0>, <minium.core.element.BaseElement object at 0x110ea5198>, <minium.core.element.BaseElement object at 0x110ea5390>, <minium.core.element.BaseElement object at 0x110ea50f0>, <minium.core.element.BaseElement object at 0x110ea53c8>, <minium.core.element.BaseElement object at 0x110ea57f0>]
INFO  2019-06-27 21:57:52,007 page.py    get_elements    160 try to find elements: .navigator-text
INFO  2019-06-27 21:57:52,179 page.py    get_elements    162 find elements success: [<minium.core.element.BaseElement object at 0x110ddda90>, <minium.core.element.BaseElement object at 0x110ddd9b0>, <minium.core.element.BaseElement object at 0x110ddda20>, <minium.core.element.BaseElement object at 0x110ddde48>, <minium.core.element.BaseElement object at 0x110dddda0>, <minium.core.element.BaseElement object at 0x110ddde80>, <minium.core.element.BaseElement object at 0x110ddddd8>, <minium.core.element.BaseElement object at 0x110e18320>, <minium.core.element.BaseElement object at 0x110e182b0>, <minium.core.element.BaseElement object at 0x110e188d0>, <minium.core.element.BaseElement object at 0x110e18ba8>, <minium.core.element.BaseElement object at 0x110e18358>, <minium.core.element.BaseElement object at 0x110e18470>, <minium.core.element.BaseElement object at 0x110e18da0>, <minium.core.element.BaseElement object at 0x110e18b00>, <minium.core.element.BaseElement object at 0x110e184a8>, <minium.core.element.BaseElement object at 0x110e18160>, <minium.core.element.BaseElement object at 0x110e18518>, <minium.core.element.BaseElement object at 0x110e18b38>, <minium.core.element.BaseElement object at 0x110e18a90>, <minium.core.element.BaseElement object at 0x110e187f0>, <minium.core.element.BaseElement object at 0x110e18c88>, <minium.core.element.BaseElement object at 0x110e18908>, <minium.core.element.BaseElement object at 0x110e18ac8>, <minium.core.element.BaseElement object at 0x110e18f60>, <minium.core.element.BaseElement object at 0x110e189b0>, <minium.core.element.BaseElement object at 0x110e184e0>, <minium.core.element.BaseElement object at 0x110e18240>, <minium.core.element.BaseElement object at 0x110e180f0>, <minium.core.element.BaseElement object at 0x110e18860>]
INFO  2019-06-27 21:57:53,923 page.py    get_elements    160 try to find elements: switch
INFO  2019-06-27 21:57:54,181 page.py    get_elements    162 find elements success: [<minium.core.element.BaseElement object at 0x110e00d30>, <minium.core.element.BaseElement object at 0x110e00f28>]
INFO  2019-06-27 21:57:55,370 page.py    get_elements    160 try to find elements: switch
INFO  2019-06-27 21:57:55,881 page.py    get_elements    162 find elements success: [<minium.core.element.BaseElement object at 0x110e00a20>, <minium.core.element.BaseElement object at 0x110e00ef0>]
INFO  2019-06-27 21:57:58,239 app.py     relaunch        123 ReLaunch: /page/component/index
INFO  2019-06-27 21:58:02,211 app.py     relaunch        123 ReLaunch: /page/component/index
INFO  2019-06-27 21:58:06,210 app.py     relaunch        123 ReLaunch: /page/component/index
INFO  2019-06-27 21:58:11,103 app.py     relaunch        123 ReLaunch: /page/component/index
INFO  2019-06-27 21:58:12,680 app.py     navigate_to     97  NavigateTo: /page/API/pages/action-sheet/action-sheet
INFO  2019-06-27 21:58:13,239 page.py    get_elements    160 try to find elements: button
INFO  2019-06-27 21:58:13,602 page.py    get_elements    162 find elements success: [<minium.core.element.BaseElement object at 0x110e18f98>]
INFO  2019-06-27 21:58:17,363 app.py     relaunch        123 ReLaunch: /page/component/index
INFO  2019-06-27 21:58:18,994 app.py     navigate_to     97  NavigateTo: /page/API/pages/get-user-info/get-user-info
INFO  2019-06-27 21:58:19,495 page.py    get_elements    160 try to find elements: button
INFO  2019-06-27 21:58:19,851 page.py    get_elements    162 find elements success: [<minium.core.element.BaseElement object at 0x110ea53c8>, <minium.core.element.BaseElement object at 0x110ea57f0>]
INFO  2019-06-27 21:58:21,541 page.py    get_elements    160 try to find elements: button
INFO  2019-06-27 21:58:21,727 page.py    get_elements    162 find elements success: [<minium.core.element.BaseElement object at 0x110e18908>, <minium.core.element.BaseElement object at 0x110e18f60>]
INFO  2019-06-27 21:58:25,710 app.py     relaunch        123 ReLaunch: /page/component/index
INFO  2019-06-27 21:58:27,159 app.py     navigate_to     97  NavigateTo: /page/API/pages/share/share
INFO  2019-06-27 21:59:05,407 app.py     navigate_to     97  NavigateTo: /page/API/pages/share-button/share-button
INFO  2019-06-27 21:59:08,036 page.py    get_elements    160 try to find elements: .button-share
INFO  2019-06-27 21:59:08,398 page.py    get_elements    162 find elements success: [<minium.core.element.BaseElement object at 0x110eb1ef0>]
INFO  2019-06-27 21:59:39,784 app.py     relaunch        123 ReLaunch: /page/component/index
INFO  2019-06-27 21:59:41,391 app.py     navigate_to     97  NavigateTo: /page/API/pages/modal/modal
INFO  2019-06-27 21:59:41,976 page.py    get_elements    160 try to find elements: button
INFO  2019-06-27 21:59:42,342 page.py    get_elements    162 find elements success: [<minium.core.element.BaseElement object at 0x110ebdc88>, <minium.core.element.BaseElement object at 0x110ebd470>]
INFO  2019-06-27 21:59:46,253 page.py    get_elements    160 try to find elements: button
INFO  2019-06-27 21:59:49,960 page.py    get_elements    162 find elements success: [<minium.core.element.BaseElement object at 0x110ec1828>, <minium.core.element.BaseElement object at 0x110ec1d30>]
